c:\users\lenovo\source\repos\proectic16\proectic16\debug\vc142.pdb
c:\users\lenovo\source\repos\proectic16\proectic16\debug\.netframework,version=v4.7.2.assemblyattributes.obj
c:\users\lenovo\source\repos\proectic16\proectic16\debug\mainform.obj
c:\users\lenovo\source\repos\proectic16\proectic16\debug\zadacha_price.obj
c:\users\lenovo\source\repos\proectic16\proectic16\debug\price.obj
c:\users\lenovo\source\repos\proectic16\proectic16\debug\source.obj
c:\users\lenovo\source\repos\proectic16\proectic16\debug\izmen.obj
c:\users\lenovo\source\repos\proectic16\proectic16\debug\change.obj
c:\users\lenovo\source\repos\proectic16\proectic16\debug\catalog.obj
c:\users\lenovo\source\repos\proectic16\proectic16\debug\cafe.obj
c:\users\lenovo\source\repos\proectic16\proectic16\debug\grill.obj
c:\users\lenovo\source\repos\proectic16\proectic16\debug\vityazhka.obj
c:\users\lenovo\source\repos\proectic16\proectic16\debug\fridge.obj
c:\users\lenovo\source\repos\proectic16\proectic16\debug\dishwasher.obj
c:\users\lenovo\source\repos\proectic16\proectic16\debug\postavka.obj
c:\users\lenovo\source\repos\proectic16\debug\proectic16.exe
c:\users\lenovo\source\repos\proectic16\debug\proectic16.pdb
c:\users\lenovo\source\repos\proectic16\proectic16\debug\proectic16.mainform.resources
c:\users\lenovo\source\repos\proectic16\proectic16\debug\proectic16.change.resources
c:\users\lenovo\source\repos\proectic16\proectic16\debug\proectic16.izmen.resources
c:\users\lenovo\source\repos\proectic16\proectic16\debug\proectic16.catalog.resources
c:\users\lenovo\source\repos\proectic16\proectic16\debug\proectic16.grill.resources
c:\users\lenovo\source\repos\proectic16\proectic16\debug\proectic16.vityazhka.resources
c:\users\lenovo\source\repos\proectic16\proectic16\debug\proectic16.fridge.resources
c:\users\lenovo\source\repos\proectic16\proectic16\debug\proectic16.dishwasher.resources
c:\users\lenovo\source\repos\proectic16\proectic16\debug\proectic16.postavka.resources
c:\users\lenovo\source\repos\proectic16\proectic16\debug\cafe_price.obj
c:\users\lenovo\source\repos\proectic16\proectic16\debug\proectic16.tlog\cl.command.1.tlog
c:\users\lenovo\source\repos\proectic16\proectic16\debug\proectic16.tlog\cl.read.1.tlog
c:\users\lenovo\source\repos\proectic16\proectic16\debug\proectic16.tlog\cl.write.1.tlog
c:\users\lenovo\source\repos\proectic16\proectic16\debug\proectic16.tlog\link.command.1.tlog
c:\users\lenovo\source\repos\proectic16\proectic16\debug\proectic16.tlog\link.read.1.tlog
c:\users\lenovo\source\repos\proectic16\proectic16\debug\proectic16.tlog\link.write.1.tlog
c:\users\lenovo\source\repos\proectic16\proectic16\debug\proectic16.tlog\metagen.read.1.tlog
c:\users\lenovo\source\repos\proectic16\proectic16\debug\proectic16.tlog\metagen.write.1.tlog
c:\users\lenovo\source\repos\proectic16\proectic16\debug\proectic16.tlog\proectic16.write.1u.tlog
